==================================================
SESSION 27: API SECURITY AUDIT LOG
==================================================

1. BOLA (ID SWAP) EXPLOITATION
* Targeted User ID: [102]
* Private Information Leaked: [{"email":"boss@titan.com","name":"CISO","role":"Admin","secret":"TITAN_MASTER_KEY_2026"}]

2. BUSINESS LOGIC EXPLOITATION (DISCOUNT HUNTER)
* Hidden Discount Code Discovered: [9912]
* Method Used: [I used Burp Intruder to perform a brute-force attack on the /api/v1/checkout endpoint. I captured a POST request, set the
payload position on the discount_code field, and ran a "Numbers" attack ranging from 9900 to 9999. I identified the correct code by
monitoring the Response Length column; the correct code returned a unique length indicating the "100% OFF" success message.]

3. REMEDIATION RECOMMENDATION
* How would you fix the BOLA vulnerability?
Answer:You must implement an authorization check at the code level to verify that the user requesting the data actually owns that data.
Simply checking if a user is "logged in" isn't enough; the server must compare the requester's unique ID (from their session token or JWT)
against the user_id requested in the URL. 

* How would you fix the Brute-Force vulnerability in the discount field?
Answer:Implement rate limiting (also known as "throttling") to restrict the number of requests a single user or IP can make in a short
window of time. This creates "speed bumps" that make automated brute-forcing impossible for an attacker.
You could also add input validation to reject repeated failed attempts. 
